"D:/Projects/Unreal Engine/AeryProto/Content/CreatureEnergyNiagaraScript.uasset" 0
"D:/Projects/Unreal Engine/AeryProto/Content/Blueprints/PlayerControllerBP.uasset" 1
"D:/Projects/Unreal Engine/AeryProto/Content/Blueprints/AeryGameModeBaseBP.uasset" 2
"D:/Projects/Unreal Engine/AeryProto/Content/Blueprints/AttentionPointWBP.uasset" 3
"D:/Projects/Unreal Engine/AeryProto/Content/Landscape/Foliage/Ground/Textures/T_RockS_01_D.uasset" 4
"D:/Projects/Unreal Engine/AeryProto/Content/Landscape/Misc/Textures/T_NoiseMask2.uasset" 5
"../../../Engine/Content/Functions/Engine_MaterialFunctions01/Debug/T_Grid.uasset" 6
"../../../Engine/Content/EngineMaterials/Grid.uasset" 7
"../../../Engine/Content/EngineMaterials/DefaultDiffuse.uasset" 8
"../../../Engine/Content/EngineMaterials/BaseFlattenNormalMap.uasset" 9
"../../../Engine/Content/EditorMaterials/WidgetGridVertexColorMaterial.uasset" 10
"D:/Projects/Unreal Engine/AeryProto/Content/Landscape/Materials/Functions/MF_RimGlowLighting.uasset" 11
"../../../Engine/Content/Functions/Engine_MaterialFunctions02/Texturing/ScreenAlignedPixelToPixelUVs.uasset" 12
"../../../Engine/Content/EngineMaterials/Good64x64TilingNoiseHighFreq.uasset" 13
"../../../Engine/Content/Functions/Engine_MaterialFunctions02/Utility/DitherTemporalAA.uasset" 14
"../../../Engine/Content/Functions/Engine_MaterialFunctions01/Gradient/LinearGradient.uasset" 15
"../../../Engine/Content/Functions/Engine_MaterialFunctions01/ImageAdjustment/CheapContrast.uasset" 16
"../../../Engine/Content/Functions/Engine_MaterialFunctions01/Texturing/WorldAlignedTexture.uasset" 17
"../../../Engine/Content/Functions/Engine_MaterialFunctions01/Texturing/FlattenNormal.uasset" 18
"../../../Engine/Content/Functions/Engine_MaterialFunctions01/Opacity/CameraDepthFade.uasset" 19
"D:/Projects/Unreal Engine/AeryProto/Content/Landscape/Materials/M_AssetMaster.uasset" 20
"D:/Projects/Unreal Engine/AeryProto/Content/Landscape/Foliage/Ground/Materials/MI_RockS_01.uasset" 21
"D:/Projects/Unreal Engine/AeryProto/Content/Landscape/Foliage/Ground/SM_RockSmall_01.uasset" 22
"D:/Projects/Unreal Engine/AeryProto/Content/Landscape/Foliage/Ground/Textures/RockMoss/T_ScatterRocks_Moss_01_N.uasset" 23
"D:/Projects/Unreal Engine/AeryProto/Content/Landscape/Foliage/Ground/Textures/RockMoss/T_ScatterRocks_Moss_01_D.uasset" 24
"D:/Projects/Unreal Engine/AeryProto/Content/Landscape/Foliage/Ground/Textures/RockMoss/T_ScatterRocks_Moss_01_R.uasset" 25
"D:/Projects/Unreal Engine/AeryProto/Content/Landscape/Landscape/Textures/T_RockyDetail_D.uasset" 26
"D:/Projects/Unreal Engine/AeryProto/Content/Landscape/Foliage/Ground/Materials/MI_Rock_Scatter_Dirt.uasset" 27
"D:/Projects/Unreal Engine/AeryProto/Content/Landscape/Foliage/Ground/SM_ScatterRocks_01_Dirt.uasset" 28
"D:/Projects/Unreal Engine/AeryProto/Content/Landscape/Foliage/Ground/SM_ScatterRocks_02_Dirt.uasset" 29
"D:/Projects/Unreal Engine/AeryProto/Content/Landscape/Foliage/Ground/SM_ScatterRocks_03_Dirt.uasset" 30
"D:/Projects/Unreal Engine/AeryProto/Content/Landscape/Foliage/Ground/Textures/T_FernLeaf_SS.uasset" 31
"D:/Projects/Unreal Engine/AeryProto/Content/Landscape/Foliage/Ground/Textures/T_GrassGradient1.uasset" 32
"D:/Projects/Unreal Engine/AeryProto/Content/Landscape/Foliage/Ground/Textures/T_RockLarge_01_R.uasset" 33
"D:/Projects/Unreal Engine/AeryProto/Content/Landscape/Foliage/Ground/Textures/T_RockLarge_02_D.uasset" 34
"D:/Projects/Unreal Engine/AeryProto/Content/Landscape/Foliage/Ground/Textures/T_RockLarge_02_N.uasset" 35
"D:/Projects/Unreal Engine/AeryProto/Content/Landscape/Foliage/Ground/Textures/T_RockLarge_02_R.uasset" 36
"D:/Projects/Unreal Engine/AeryProto/Content/Landscape/Foliage/Ground/Textures/T_RockMedium_01_D.uasset" 37
"D:/Projects/Unreal Engine/AeryProto/Content/Landscape/Foliage/Ground/Textures/T_RockMedium_01_N.uasset" 38
"D:/Projects/Unreal Engine/AeryProto/Content/Landscape/Foliage/Ground/Textures/T_RockMedium_01_R.uasset" 39
"D:/Projects/Unreal Engine/AeryProto/Content/Landscape/Foliage/Ground/Textures/T_RockMedium_02_R.uasset" 40
"D:/Projects/Unreal Engine/AeryProto/Content/Landscape/Foliage/Ground/Textures/T_ScatterRocks_01_R.uasset" 41
"D:/Projects/Unreal Engine/AeryProto/Content/Landscape/Foliage/Ground/Textures/RockMoss/T_RockLarge_01_Moss_D.uasset" 42
"D:/Projects/Unreal Engine/AeryProto/Content/Landscape/Foliage/Ground/Textures/RockMoss/T_RockLarge_01_Moss_N.uasset" 43
"D:/Projects/Unreal Engine/AeryProto/Content/Landscape/Foliage/Ground/Textures/RockMoss/T_RockMedium_02_Moss_D.uasset" 44
"D:/Projects/Unreal Engine/AeryProto/Content/Landscape/Foliage/Ground/Textures/RockMoss/T_RockMedium_02_Moss_N.uasset" 45
"D:/Projects/Unreal Engine/AeryProto/Content/Landscape/Foliage/Ground/Textures/T_ScatterRocks_01_D.uasset" 46
"D:/Projects/Unreal Engine/AeryProto/Content/Landscape/Materials/M_AssetMaster_WorldNormal.uasset" 47
"D:/Projects/Unreal Engine/AeryProto/Content/Landscape/Foliage/Ground/Materials/MI_Rock_Scatter_Z-up.uasset" 48
"D:/Projects/Unreal Engine/AeryProto/Content/Landscape/Foliage/Ground/Z-up/SM_ScatterRocks_03_Z-up.uasset" 49
"D:/Projects/Unreal Engine/AeryProto/Content/Landscape/Foliage/Trees/Textures/Original/Impostors/T_OakTreeTall_Impostor_Normal.uasset" 50
"D:/Projects/Unreal Engine/AeryProto/Content/Landscape/Foliage/Trees/Textures/Original/Impostors/T_OakTreeTall_Impostor_BaseColor.uasset" 51
"../../../Engine/Content/Functions/Engine_MaterialFunctions02/ExampleContent/Textures/DebugNumberPeriod.uasset" 52
"../../../Engine/Content/Functions/Engine_MaterialFunctions02/ExampleContent/DebugNumberStrip.uasset" 53
"../../../Engine/Content/EngineVolumetrics/Fogsheet/Materials/T_EV_BlankWhite_01.uasset" 54
"../../../Engine/Content/EngineResources/Black.uasset" 55
"../../../Engine/Content/Functions/Engine_MaterialFunctions02/SafeNormalize.uasset" 56
"../../../Engine/Content/Functions/Engine_MaterialFunctions02/Math/CreateThirdOrthogonalVector.uasset" 57
"D:/Projects/Unreal Engine/AeryProto/Content/Landscape/Materials/Functions/MF_VirtualPlaneCoordinates_Imposter.uasset" 58
"D:/Projects/Unreal Engine/AeryProto/Content/Landscape/Materials/Functions/MF_UnitVectorToHemiOctahedra.uasset" 59
"../../../Engine/Content/Functions/Engine_MaterialFunctions02/Utility/BreakOutFloat2Components.uasset" 60
"D:/Projects/Unreal Engine/AeryProto/Content/Landscape/Materials/Functions/MF_TriangulatedWireframe.uasset" 61
"../../../Engine/Content/Functions/Engine_MaterialFunctions02/Utility/MakeFloat3.uasset" 62
"D:/Projects/Unreal Engine/AeryProto/Content/Landscape/Materials/Functions/MF_TriangleInterpolator.uasset" 63
"../../../Engine/Content/Functions/Engine_MaterialFunctions02/Utility/VectorLength.uasset" 64
"../../../Engine/Content/Functions/Engine_MaterialFunctions02/WorldPositionOffset/ObjectScale.uasset" 65
"D:/Projects/Unreal Engine/AeryProto/Content/Landscape/Materials/Functions/MF_ImpostorInfo.uasset" 66
"D:/Projects/Unreal Engine/AeryProto/Content/Landscape/Materials/Functions/MF_HemiOctahedronToUnitVector.uasset" 67
"../../../Engine/Content/Functions/Engine_MaterialFunctions01/Vectors/UnitVectorToOctahedron.uasset" 68
"../../../Engine/Content/Functions/Engine_MaterialFunctions01/Vectors/OctahedronToUnitVector.uasset" 69
"../../../Engine/Content/Functions/Engine_MaterialFunctions02/Utility/BreakOutFloat3Components.uasset" 70
"D:/Projects/Unreal Engine/AeryProto/Content/Landscape/Materials/Functions/MF_ImpostorGridToVector.uasset" 71
"D:/Projects/Unreal Engine/AeryProto/Content/Landscape/Materials/Functions/MF_ImposterSpriteProjection.uasset" 72
"D:/Projects/Unreal Engine/AeryProto/Content/Landscape/Materials/Functions/MF_ImposterFrameTransform_Setup.uasset" 73
"../../../Engine/Content/Functions/Engine_MaterialFunctions02/Math/InverseTransformMatrix.uasset" 74
"D:/Projects/Unreal Engine/AeryProto/Content/Landscape/Materials/Functions/MF_ImposterFrameTransform.uasset" 75
"D:/Projects/Unreal Engine/AeryProto/Content/Landscape/Materials/Functions/MF_FrameBlendWeights.uasset" 76
"D:/Projects/Unreal Engine/AeryProto/Content/Landscape/Materials/Functions/MF_FrameBlendWeights_TextureObject.uasset" 77
"../../../Engine/Content/Functions/Engine_MaterialFunctions01/Texturing/TextureCropping.uasset" 78
"../../../Engine/Content/Functions/Engine_MaterialFunctions01/Texturing/ComputeMipLevel.uasset" 79
"../../../Engine/Content/Functions/Engine_MaterialFunctions02/Utility/DebugScalarValues.uasset" 80
"../../../Engine/Content/Functions/Engine_MaterialFunctions02/Utility/DebugFloat2Values.uasset" 81
"../../../Engine/Content/Functions/Engine_MaterialFunctions02/Utility/CameraDirectionVector.uasset" 82
"../../../Engine/Content/Functions/Engine_MaterialFunctions01/Texturing/ScaleUVsByCenter.uasset" 83
"D:/Projects/Unreal Engine/AeryProto/Content/Landscape/Materials/Functions/MF_Impostor_ThreeFrameBlend.uasset" 84
"D:/Projects/Unreal Engine/AeryProto/Content/Landscape/Materials/M_Impostor.uasset" 85
"D:/Projects/Unreal Engine/AeryProto/Content/Landscape/Foliage/Trees/Materials/Original/Impostors/MI_OakTreeTall_Original_Impostor.uasset" 86
"D:/Projects/Unreal Engine/AeryProto/Content/Landscape/Foliage/Trees/Textures/Original/T_OakTreeBranch_D.uasset" 87
"../../../Engine/Content/EngineResources/WhiteSquareTexture.uasset" 88
"../../../Engine/Content/EngineResources/DefaultTexture.uasset" 89
"../../../Engine/Content/Functions/Engine_MaterialFunctions03/Procedurals/NormalFromHeightmap.uasset" 90
"../../../Engine/Content/Functions/Engine_MaterialFunctions02/Fresnel_Function.uasset" 91
"../../../Engine/Content/Functions/Engine_MaterialFunctions01/SpeedTree/SpeedTreeColorVariation.uasset" 92
"../../../Engine/Content/Functions/Engine_MaterialFunctions01/WorldPositionOffset/SimpleGrassWind.uasset" 93
"D:/Projects/Unreal Engine/AeryProto/Content/Landscape/Misc/Textures/T_NoiseMask1.uasset" 94
"D:/Projects/Unreal Engine/AeryProto/Content/Landscape/Foliage/Ground/Textures/T_GrassGradient2.uasset" 95
"D:/Projects/Unreal Engine/AeryProto/Content/Landscape/Materials/M_TreeLeavesMaster.uasset" 96
"D:/Projects/Unreal Engine/AeryProto/Content/Landscape/Foliage/Trees/Materials/Original/MI_TreeOakTall_Original.uasset" 97
"D:/Projects/Unreal Engine/AeryProto/Content/Landscape/Foliage/Trees/Textures/Original/T_TreeBark01_D.uasset" 98
"D:/Projects/Unreal Engine/AeryProto/Content/Landscape/Foliage/Trees/Materials/Original/MI_TreeBark_Original.uasset" 99
"D:/Projects/Unreal Engine/AeryProto/Content/Landscape/Foliage/Trees/Original/SM_SS_OakTreeTall_Original.uasset" 100
"D:/Projects/Unreal Engine/AeryProto/Content/Landscape/Foliage/Trees/Textures/Original/Impostors/T_OakTree_Impostor_Normal.uasset" 101
"D:/Projects/Unreal Engine/AeryProto/Content/Landscape/Foliage/Trees/Textures/Original/Impostors/T_OakTree_Impostor_BaseColor.uasset" 102
"D:/Projects/Unreal Engine/AeryProto/Content/Landscape/Foliage/Trees/Materials/Original/Impostors/MI_OakTree_Original_Impostor.uasset" 103
"D:/Projects/Unreal Engine/AeryProto/Content/Landscape/Foliage/Trees/Materials/Original/MI_TreeOak_Original.uasset" 104
"D:/Projects/Unreal Engine/AeryProto/Content/Landscape/Foliage/Trees/Original/SM_SS_OakTree_Original.uasset" 105
"D:/Projects/Unreal Engine/AeryProto/Content/Landscape/Foliage/Trees/Textures/Original/Impostors/T_PoplarTree_Impostor_Normal.uasset" 106
"D:/Projects/Unreal Engine/AeryProto/Content/Landscape/Foliage/Trees/Textures/Original/Impostors/T_PoplarTree_Impostor_BaseColor.uasset" 107
"D:/Projects/Unreal Engine/AeryProto/Content/Landscape/Foliage/Trees/Materials/Original/Impostors/MI_PoplarTree_Original_Impostor.uasset" 108
"D:/Projects/Unreal Engine/AeryProto/Content/Landscape/Foliage/Trees/Textures/Original/T_PoplarTreeBranch_D.uasset" 109
"D:/Projects/Unreal Engine/AeryProto/Content/Landscape/Foliage/Trees/Materials/Original/MI_TreePoplar_Original.uasset" 110
"D:/Projects/Unreal Engine/AeryProto/Content/Landscape/Foliage/Trees/Original/SM_SS_PoplarTree_Original.uasset" 111
"D:/Projects/Unreal Engine/AeryProto/Content/Landscape/Foliage/Trees/Textures/Original/Impostors/T_TallSpruce_Impostor_Normal.uasset" 112
"D:/Projects/Unreal Engine/AeryProto/Content/Landscape/Foliage/Trees/Textures/Original/Impostors/T_TallSpruce_Impostor_BaseColor.uasset" 113
"D:/Projects/Unreal Engine/AeryProto/Content/Landscape/Foliage/Trees/Materials/Original/Impostors/MI_SpruceTreeTall_Original_Impostor.uasset" 114
"D:/Projects/Unreal Engine/AeryProto/Content/Landscape/Foliage/Trees/Textures/Original/T_SpruceBranch_D.uasset" 115
"D:/Projects/Unreal Engine/AeryProto/Content/Landscape/Foliage/Trees/Materials/Original/MI_TreeSpruceTall_Original.uasset" 116
"D:/Projects/Unreal Engine/AeryProto/Content/Landscape/Foliage/Trees/Original/SM_SS_SpruceTreeTall_Original.uasset" 117
"D:/Projects/Unreal Engine/AeryProto/Content/Landscape/Foliage/Trees/Textures/Original/Impostors/T_SpruceShort_Impostor_Normal.uasset" 118
"D:/Projects/Unreal Engine/AeryProto/Content/Landscape/Foliage/Trees/Textures/Original/Impostors/T_SpruceShort_Impostor_BaseColor.uasset" 119
"D:/Projects/Unreal Engine/AeryProto/Content/Landscape/Foliage/Trees/Materials/Original/Impostors/MI_SpruceTree_Original_Impostor.uasset" 120
"D:/Projects/Unreal Engine/AeryProto/Content/Landscape/Foliage/Trees/Materials/Original/MI_TreeSpruce_Original.uasset" 121
"D:/Projects/Unreal Engine/AeryProto/Content/Landscape/Foliage/Trees/Original/SM_SS_SpruceTree_Original.uasset" 122
"D:/Projects/Unreal Engine/AeryProto/Content/Landscape/Foliage/Trees/Textures/T_Oak_AO.uasset" 123
"D:/Projects/Unreal Engine/AeryProto/Content/Landscape/Foliage/Trees/Textures/T_Poplar_Spruce_AO.uasset" 124
"D:/Projects/Unreal Engine/AeryProto/Content/Landscape/Foliage/Trees/Textures/Impostors/T_SpruceTreeTall_Impostor_Snow_D.uasset" 125
"D:/Projects/Unreal Engine/AeryProto/Content/Landscape/Foliage/Trees/Textures/Impostors/T_SpruceTree_Impostor_Snow_D.uasset" 126
"D:/Projects/Unreal Engine/AeryProto/Content/Landscape/Foliage/Trees/Textures/Original/T_TreeBark01_AO.uasset" 127
"D:/Projects/Unreal Engine/AeryProto/Content/Landscape/Foliage/Trees/Textures/Original/T_TreeBark01_H.uasset" 128
"D:/Projects/Unreal Engine/AeryProto/Content/Landscape/Foliage/Trees/Textures/Original/T_TreeBark01_R.uasset" 129
"D:/Projects/Unreal Engine/AeryProto/Content/Landscape/Landscape/Background/Textures/T_BackgroundMountain01_D.uasset" 130
"D:/Projects/Unreal Engine/AeryProto/Content/Landscape/Landscape/Background/Textures/T_BackgroundMountain01_N.uasset" 131
"D:/Projects/Unreal Engine/AeryProto/Content/Landscape/Landscape/Background/Materials/MI_BGMountains_01_Texture.uasset" 132
"D:/Projects/Unreal Engine/AeryProto/Content/Landscape/Landscape/Background/Textures/T_BackgroundMountain02_D.uasset" 133
"D:/Projects/Unreal Engine/AeryProto/Content/Landscape/Landscape/Background/Textures/T_BackgroundMountain02_N.uasset" 134
"D:/Projects/Unreal Engine/AeryProto/Content/Landscape/Landscape/Background/Materials/MI_BGMountains_02_Texture.uasset" 135
"D:/Projects/Unreal Engine/AeryProto/Content/Landscape/Landscape/Background/Textures/T_BackgroundMountain03_D.uasset" 136
"D:/Projects/Unreal Engine/AeryProto/Content/Landscape/Landscape/Background/Textures/T_BackgroundMountain03_N.uasset" 137
"D:/Projects/Unreal Engine/AeryProto/Content/Landscape/Landscape/Background/Materials/MI_BGMountains_03_Texture.uasset" 138
"../../../Engine/Content/EditorResources/S_VectorFieldVol.uasset" 139
"../../../Engine/Content/Functions/Engine_MaterialFunctions02/Texturing/HeightLerp.uasset" 140
"../../../Engine/Content/Functions/Engine_MaterialFunctions02/WorldPositionOffset/ComponentPivotLocation.uasset" 141
"../../../Engine/Content/Functions/Engine_MaterialFunctions02/WorldPositionOffset/Sprite.uasset" 142
"../../../Engine/Content/Functions/Engine_MaterialFunctions02/Math/TransformToZVector.uasset" 143
"../../../Engine/Content/Functions/Engine_MaterialFunctions01/Texturing/ParallaxOcclusionMapping.uasset" 144
"../../../Engine/Content/Functions/Engine_MaterialFunctions02/Utility/Swizzle.uasset" 145
"../../../Engine/Content/Functions/Engine_MaterialFunctions01/Texturing/TextureBomb_SingleSample.uasset" 146
"D:/Projects/Unreal Engine/AeryProto/Content/Landscape/Materials/Functions/MF_Texture_Bombing.uasset" 147
"../../../Engine/Content/Functions/Engine_MaterialFunctions02/Texturing/CustomRotator.uasset" 148
"D:/Projects/Unreal Engine/AeryProto/Content/Landscape/Materials/Functions/MF_Custom_WorldAlignedTextureAndRotation.uasset" 149
"../../../Engine/Content/EngineMaterials/BlendFunc_DefBlend.uasset" 150
"../../../Engine/Content/EngineMaterials/BlendFunc_DefBase.uasset" 151
"../../../Engine/Content/Functions/Engine_MaterialFunctions03/Blends/Blend_Screen.uasset" 152
"D:/Projects/Unreal Engine/AeryProto/Content/Landscape/Materials/Functions/MF_SetRange.uasset" 153
"D:/Projects/Unreal Engine/AeryProto/Content/Landscape/Materials/Functions/MF_FresnelBias.uasset" 154
"D:/Projects/Unreal Engine/AeryProto/Content/Landscape/Materials/Functions/MF_FresnelLandscape.uasset" 155
"../../../Engine/Content/Functions/Engine_MaterialFunctions02/Utility/VectorToRadialValue.uasset" 156
"D:/Projects/Unreal Engine/AeryProto/Content/Landscape/Materials/Functions/MF_LandscapeFresnelSegment.uasset" 157
"../../../Engine/Content/Functions/Engine_MaterialFunctions01/AlphaBlend/WorldAlignedBlend.uasset" 158
"D:/Projects/Unreal Engine/AeryProto/Content/Landscape/Foliage/Ground/Materials/MI_Rock_Scatter_Dirt_Z-up.uasset" 159
"D:/Projects/Unreal Engine/AeryProto/Content/Landscape/Foliage/Ground/Z-up/SM_ScatterRocks_03_Dirt_Z-up.uasset" 160
"D:/Projects/Unreal Engine/AeryProto/Content/Landscape/Foliage/Ground/Z-up/SM_ScatterRocks_02_Dirt_Z-up.uasset" 161
"D:/Projects/Unreal Engine/AeryProto/Content/Landscape/Foliage/Ground/Z-up/SM_ScatterRocks_01_Dirt_Z-up.uasset" 162
"D:/Projects/Unreal Engine/AeryProto/Content/Landscape/Landscape/GrassTypes/GT_SlopeDirt.uasset" 163
"D:/Projects/Unreal Engine/AeryProto/Content/Landscape/Foliage/Ground/Materials/MI_RockS_01_Z-up.uasset" 164
"D:/Projects/Unreal Engine/AeryProto/Content/Landscape/Foliage/Ground/Z-up/SM_RockSmall_01_Z-up.uasset" 165
"D:/Projects/Unreal Engine/AeryProto/Content/Landscape/Landscape/GrassTypes/GT_Sand.uasset" 166
"D:/Projects/Unreal Engine/AeryProto/Content/Landscape/Misc/Textures/T_NoiseMask4.uasset" 167
"../../../Engine/Content/Functions/Engine_MaterialFunctions02/HueShift.uasset" 168
"D:/Projects/Unreal Engine/AeryProto/Content/Landscape/Materials/Functions/MF_GrowFoliage.uasset" 169
"D:/Projects/Unreal Engine/AeryProto/Content/Landscape/Materials/M_GrassMaster.uasset" 170
"D:/Projects/Unreal Engine/AeryProto/Content/Landscape/Foliage/Ground/Materials/MI_EvergreenGrass.uasset" 171
"D:/Projects/Unreal Engine/AeryProto/Content/Landscape/Foliage/Ground/SM_GrassClump02_Evergreen.uasset" 172
"D:/Projects/Unreal Engine/AeryProto/Content/Landscape/Foliage/Ground/SM_GrassClump01_Evergreen.uasset" 173
"D:/Projects/Unreal Engine/AeryProto/Content/Landscape/Landscape/GrassTypes/GT_EvergreenGrass.uasset" 174
"D:/Projects/Unreal Engine/AeryProto/Content/Landscape/Foliage/Ground/Materials/MI_RockS_01_Dirt_Z-up.uasset" 175
"D:/Projects/Unreal Engine/AeryProto/Content/Landscape/Foliage/Ground/Z-up/SM_RockSmall_01_Dirt_Z-up.uasset" 176
"D:/Projects/Unreal Engine/AeryProto/Content/Landscape/Landscape/GrassTypes/GT_Dirt.uasset" 177
"D:/Projects/Unreal Engine/AeryProto/Content/Landscape/Foliage/Ground/Materials/MI_Rock_Scatter_Snow_Z-up.uasset" 178
"D:/Projects/Unreal Engine/AeryProto/Content/Landscape/Foliage/Ground/Z-up/SM_ScatterRocks_02_Snow_Z-up.uasset" 179
"D:/Projects/Unreal Engine/AeryProto/Content/Landscape/Foliage/Ground/Z-up/SM_ScatterRocks_01_Snow_Z-up.uasset" 180
"D:/Projects/Unreal Engine/AeryProto/Content/Landscape/Landscape/GrassTypes/GT_Snow.uasset" 181
"D:/Projects/Unreal Engine/AeryProto/Content/Landscape/Landscape/Textures/T_Snow_D.uasset" 182
"D:/Projects/Unreal Engine/AeryProto/Content/Landscape/Landscape/Textures/T_RockyDirtGround_D.uasset" 183
"D:/Projects/Unreal Engine/AeryProto/Content/Landscape/Landscape/Textures/T_GrassGround_D.uasset" 184
"D:/Projects/Unreal Engine/AeryProto/Content/Landscape/Landscape/Textures/T_GrassDryGround_D.uasset" 185
"D:/Projects/Unreal Engine/AeryProto/Content/Landscape/Landscape/Textures/T_EvergreenGrass_D.uasset" 186
"D:/Projects/Unreal Engine/AeryProto/Content/Landscape/Landscape/Textures/T_CrackedDirtGround_D.uasset" 187
"D:/Projects/Unreal Engine/AeryProto/Content/Landscape/Landscape/Textures/T_CliffRock_N.uasset" 188
"D:/Projects/Unreal Engine/AeryProto/Content/Landscape/Landscape/Textures/T_CliffRock_D.uasset" 189
"D:/Projects/Unreal Engine/AeryProto/Content/Landscape/Landscape/Textures/T_BeachSand_D.uasset" 190
"../../../Engine/Content/EngineMaterials/WeightMapPlaceholderTexture.uasset" 191
"D:/Projects/Unreal Engine/AeryProto/Content/Landscape/Foliage/Ground/Z-up/SM_ScatterRocks_02_Z-up.uasset" 192
"D:/Projects/Unreal Engine/AeryProto/Content/Landscape/Foliage/Ground/Z-up/SM_ScatterRocks_01_Z-up.uasset" 193
"D:/Projects/Unreal Engine/AeryProto/Content/Landscape/Landscape/GrassTypes/GT_Slope.uasset" 194
"D:/Projects/Unreal Engine/AeryProto/Content/Landscape/Foliage/Ground/Materials/MI_Grass.uasset" 195
"D:/Projects/Unreal Engine/AeryProto/Content/Landscape/Foliage/Ground/Materials/MI_GrassDry.uasset" 196
"D:/Projects/Unreal Engine/AeryProto/Content/Landscape/Foliage/Ground/SM_GrassClump01_Dry.uasset" 197
"D:/Projects/Unreal Engine/AeryProto/Content/Landscape/Foliage/Ground/Textures/T_DaisyFlowerStem_D.uasset" 198
"D:/Projects/Unreal Engine/AeryProto/Content/Landscape/Materials/M_FlowerMaster.uasset" 199
"D:/Projects/Unreal Engine/AeryProto/Content/Landscape/Foliage/Ground/Materials/MI_DaisyStem.uasset" 200
"D:/Projects/Unreal Engine/AeryProto/Content/Landscape/Foliage/Ground/Materials/MI_DaisyFlower.uasset" 201
"D:/Projects/Unreal Engine/AeryProto/Content/Landscape/Foliage/Ground/SM_DaisyFlowers.uasset" 202
"D:/Projects/Unreal Engine/AeryProto/Content/Landscape/Landscape/GrassTypes/GT_GrassPatches.uasset" 203
"D:/Projects/Unreal Engine/AeryProto/Content/Landscape/Foliage/Ground/SM_GrassClump02.uasset" 204
"D:/Projects/Unreal Engine/AeryProto/Content/Landscape/Foliage/Ground/SM_GrassClump01.uasset" 205
"D:/Projects/Unreal Engine/AeryProto/Content/Landscape/Landscape/GrassTypes/GT_Grass.uasset" 206
"D:/Projects/Unreal Engine/AeryProto/Content/Landscape/Materials/M_LandscapeMaster.uasset" 207
"D:/Projects/Unreal Engine/AeryProto/Content/Landscape/Landscape/Materials/MI_SS_Landscape_Demo.uasset" 208
"D:/Projects/Unreal Engine/AeryProto/Content/Landscape/Landscape/Textures/T_CliffRock2_D.uasset" 209
"D:/Projects/Unreal Engine/AeryProto/Content/Landscape/Landscape/Textures/T_CliffRock4_D.uasset" 210
"D:/Projects/Unreal Engine/AeryProto/Content/Landscape/Landscape/Textures/T_GrassGround_H.uasset" 211
"D:/Projects/Unreal Engine/AeryProto/Content/Landscape/Landscape/Textures/T_SandGround_D.uasset" 212
"D:/Projects/Unreal Engine/AeryProto/Content/Landscape/Materials/Functions/MF_Ramp3Colors.uasset" 213
"D:/Projects/Unreal Engine/AeryProto/Content/Landscape/Materials/Functions/MF_SimpleGrassWind_Exposed.uasset" 214
"D:/Projects/Unreal Engine/AeryProto/Content/Landscape/Materials/Functions/MF_TextureBomb_SingleSample.uasset" 215
"D:/Projects/Unreal Engine/AeryProto/Content/Landscape/Water/Textures/T_WaterWaves1_N.uasset" 216
"D:/Projects/Unreal Engine/AeryProto/Content/Landscape/Water/Textures/T_WaterWaves1_D.uasset" 217
"D:/Projects/Unreal Engine/AeryProto/Content/Landscape/Misc/Textures/T_NoiseMask3.uasset" 218
"D:/Projects/Unreal Engine/AeryProto/Content/Landscape/Materials/M_WaterMaster.uasset" 219
"D:/Projects/Unreal Engine/AeryProto/Content/Landscape/Water/Textures/T_WaterWaves2_N.uasset" 220
"D:/Projects/Unreal Engine/AeryProto/Content/Landscape/Water/Materials/MI_PondWater.uasset" 221
"D:/Projects/Unreal Engine/AeryProto/Content/Landscape/Materials/Functions/MP_Water.uasset" 222
"../../../Engine/Content/Functions/Engine_MaterialFunctions02/Utility/MakeFloat4.uasset" 223
"D:/Projects/Unreal Engine/AeryProto/Content/Landscape/Materials/M_Underwater_Fog.uasset" 224
"D:/Projects/Unreal Engine/AeryProto/Content/Landscape/Water/Materials/MI_UnderwaterPondFog.uasset" 225
"D:/Projects/Unreal Engine/AeryProto/Content/Mannequin/Character/Mesh/UE4_Mannequin_Skeleton.uasset" 226
"D:/Projects/Unreal Engine/AeryProto/Content/Mannequin/Animations/ThirdPersonJump_End.uasset" 227
"D:/Projects/Unreal Engine/AeryProto/Content/Mannequin/Character/Mesh/SK_Mannequin_Female_PhysicsAsset.uasset" 228
"D:/Projects/Unreal Engine/AeryProto/Content/Mannequin/Character/Textures/T_Female_N.uasset" 229
"D:/Projects/Unreal Engine/AeryProto/Content/Mannequin/Character/Textures/T_Female_Mask.uasset" 230
"D:/Projects/Unreal Engine/AeryProto/Content/Mannequin/Character/Textures/T_UE4Logo_Mask.uasset" 231
"D:/Projects/Unreal Engine/AeryProto/Content/Mannequin/Character/Textures/T_Male_N.uasset" 232
"D:/Projects/Unreal Engine/AeryProto/Content/Mannequin/Character/Textures/T_Male_Mask.uasset" 233
"D:/Projects/Unreal Engine/AeryProto/Content/Mannequin/Character/Materials/MaterialLayers/T_ML_Rubber_Blue_01_N.uasset" 234
"D:/Projects/Unreal Engine/AeryProto/Content/Mannequin/Character/Materials/MaterialLayers/T_ML_Rubber_Blue_01_D.uasset" 235
"D:/Projects/Unreal Engine/AeryProto/Content/Mannequin/Character/Materials/MaterialLayers/T_ML_Aluminum01_N.uasset" 236
"D:/Projects/Unreal Engine/AeryProto/Content/Mannequin/Character/Materials/MaterialLayers/T_ML_Aluminum01.uasset" 237
"D:/Projects/Unreal Engine/AeryProto/Content/Mannequin/Character/Materials/MaterialLayers/ML_SoftMetal_UE4.uasset" 238
"D:/Projects/Unreal Engine/AeryProto/Content/Mannequin/Character/Materials/MaterialLayers/ML_Plastic_Shiny_Beige_LOGO.uasset" 239
"D:/Projects/Unreal Engine/AeryProto/Content/Mannequin/Character/Materials/MaterialLayers/ML_Plastic_Shiny_Beige.uasset" 240
"D:/Projects/Unreal Engine/AeryProto/Content/Mannequin/Character/Materials/MaterialLayers/ML_GlossyBlack_Latex_UE4.uasset" 241
"../../../Engine/Content/Functions/MaterialLayerFunctions/MatLayerBlend_Simple.uasset" 242
"../../../Engine/Content/Functions/Engine_MaterialFunctions02/Utility/BlendAngleCorrectedNormals.uasset" 243
"../../../Engine/Content/Functions/MaterialLayerFunctions/MatLayerBlend_NormalBlend.uasset" 244
"D:/Projects/Unreal Engine/AeryProto/Content/Mannequin/Character/Materials/M_Male_Body.uasset" 245
"D:/Projects/Unreal Engine/AeryProto/Content/Mannequin/Character/Materials/MI_Female_Body.uasset" 246
"D:/Projects/Unreal Engine/AeryProto/Content/Mannequin/Character/Textures/T_UE4Logo_N.uasset" 247
"D:/Projects/Unreal Engine/AeryProto/Content/Mannequin/Character/Materials/M_UE4Man_ChestLogo.uasset" 248
"D:/Projects/Unreal Engine/AeryProto/Content/Mannequin/Character/Mesh/SK_Mannequin_Female.uasset" 249
"D:/Projects/Unreal Engine/AeryProto/Content/Stylescape/Landscape/GrassTypes/GT_Grass.uasset" 250
"D:/Projects/Unreal Engine/AeryProto/Content/Stylescape/Landscape/GrassTypes/GT_GrassPatches.uasset" 251
"D:/Projects/Unreal Engine/AeryProto/Content/Stylescape/Landscape/GrassTypes/GT_Slope.uasset" 252
"D:/Projects/Unreal Engine/AeryProto/Content/Landscape/Landscape/LandscapeInfos/Grass_LayerInfo.uasset" 253
"D:/Projects/Unreal Engine/AeryProto/Content/Stylescape/Landscape/LandscapeInfos/Grass_LayerInfo.uasset" 254
"D:/Projects/Unreal Engine/AeryProto/Content/Landscape/Materials/M_LandscapeMaster_Cheap.uasset" 255
"D:/Projects/Unreal Engine/AeryProto/Content/Landscape/Landscape/Materials/MI_SS_Landscape_Demo_Cheap.uasset" 256
"D:/Projects/Unreal Engine/AeryProto/Content/Stylescape/Landscape/Materials/MI_SS_Landscape_Demo_Cheap.uasset" 257
"D:/Projects/Unreal Engine/AeryProto/Content/Stylescape/Landscape/Textures/T_BeachSand_D.uasset" 258
"D:/Projects/Unreal Engine/AeryProto/Content/Stylescape/Landscape/Textures/T_CliffRock_D.uasset" 259
"D:/Projects/Unreal Engine/AeryProto/Content/Stylescape/Landscape/Textures/T_CliffRock_N.uasset" 260
"D:/Projects/Unreal Engine/AeryProto/Content/Stylescape/Landscape/Textures/T_CrackedDirtGround_D.uasset" 261
"D:/Projects/Unreal Engine/AeryProto/Content/Stylescape/Landscape/Textures/T_EvergreenGrass_D.uasset" 262
"D:/Projects/Unreal Engine/AeryProto/Content/Stylescape/Landscape/Textures/T_GrassDryGround_D.uasset" 263
"D:/Projects/Unreal Engine/AeryProto/Content/Stylescape/Landscape/Textures/T_GrassGround_D.uasset" 264
"D:/Projects/Unreal Engine/AeryProto/Content/Stylescape/Landscape/Textures/T_RockyDirtGround_D.uasset" 265
"D:/Projects/Unreal Engine/AeryProto/Content/Stylescape/Landscape/Textures/T_Snow_D.uasset" 266
"D:/Projects/Unreal Engine/AeryProto/Content/Stylescape/Misc/Textures/T_NoiseMask1.uasset" 267
"D:/Projects/Unreal Engine/AeryProto/Content/Stylescape/Misc/Textures/T_NoiseMask4.uasset" 268
"D:/Projects/Unreal Engine/AeryProto/Content/Mannequin/Character/Mesh/SK_Mannequin_PhysicsAsset.uasset" 269
"D:/Projects/Unreal Engine/AeryProto/Content/Mannequin/Character/Mesh/SK_Mannequin.uasset" 270
"D:/Projects/Unreal Engine/AeryProto/Content/Mannequin/Animations/ThirdPersonWalk.uasset" 271
"D:/Projects/Unreal Engine/AeryProto/Content/Mannequin/Animations/ThirdPersonRun.uasset" 272
"D:/Projects/Unreal Engine/AeryProto/Content/Mannequin/Animations/ThirdPersonIdle.uasset" 273
"D:/Projects/Unreal Engine/AeryProto/Content/Mannequin/Animations/ThirdPerson_IdleRun_2D.uasset" 274
"D:/Projects/Unreal Engine/AeryProto/Content/Mannequin/Animations/ThirdPerson_Jump.uasset" 275
"D:/Projects/Unreal Engine/AeryProto/Content/Mannequin/Animations/ThirdPersonJump_Start.uasset" 276
"D:/Projects/Unreal Engine/AeryProto/Content/Mannequin/Animations/ThirdPersonJump_Loop.uasset" 277
"../../../Engine/Content/EditorBlueprintResources/StandardMacros.uasset" 278
"D:/Projects/Unreal Engine/AeryProto/Content/Mannequin/Animations/ThirdPerson_AnimBP.uasset" 279
"../../Plugins/FX/Niagara/Content/Enums/ENiagaraSystemInactiveMode.uasset" 280
"../../Plugins/FX/Niagara/Content/Enums/ENiagara_EmitterStateOptions.uasset" 281
"../../Plugins/FX/Niagara/Content/Functions/System/SystemChangeState.uasset" 282
"../../Plugins/FX/Niagara/Content/Modules/System/SystemState.uasset" 283
"../../Plugins/FX/Niagara/Content/DefaultAssets/DefaultSpriteMaterial.uasset" 284
"../../Plugins/FX/Niagara/Content/VectorFields/Assets/TilingCurl32.uasset" 285
"../../Plugins/FX/Niagara/Content/Enums/ENiagaraSphereDistributionMode.uasset" 286
"../../Plugins/FX/Niagara/Content/Enums/ENiagaraScaleColorMode.uasset" 287
"../../Plugins/FX/Niagara/Content/Enums/ENiagaraRandomnessMode.uasset" 288
"../../Plugins/FX/Niagara/Content/Enums/ENiagaraRandomnessEvaluation.uasset" 289
"../../Plugins/FX/Niagara/Content/Enums/ENiagaraInactiveMode.uasset" 290
"../../Plugins/FX/Niagara/Content/Enums/ENiagaraExpansionMode.uasset" 291
"../../Plugins/FX/Niagara/Content/Enums/ENiagaraEmitterScalabilityMode_Limited.uasset" 292
"../../Plugins/FX/Niagara/Content/Enums/ENiagaraEmitterLifeCycleMode.uasset" 293
"../../Plugins/FX/Niagara/Content/Enums/ENiagaraCurlNoiseQuality.uasset" 294
"../../Plugins/FX/Niagara/Content/Enums/ENiagaraCoordinateSpace.uasset" 295
"../../Plugins/FX/Niagara/Content/Enums/ENiagaraChannelCorrelation.uasset" 296
"../../Plugins/FX/Niagara/Content/Enums/ENiagara_UVFlippingMode.uasset" 297
"../../Plugins/FX/Niagara/Content/Enums/ENiagara_SizeScaleMode.uasset" 298
"../../Plugins/FX/Niagara/Content/Enums/ENiagara_PositionInitializationMode.uasset" 299
"../../Plugins/FX/Niagara/Content/Enums/ENiagara_MassInitializationMode.uasset" 300
"../../Plugins/FX/Niagara/Content/Enums/ENiagara_LifetimeMode.uasset" 301
"../../Plugins/FX/Niagara/Content/Enums/ENiagara_InfiniteLoopDuration.uasset" 302
"../../Plugins/FX/Niagara/Content/Enums/ENiagara_ColorInitializationMode.uasset" 303
"../../Plugins/FX/Niagara/Content/Modules/Update/Size/ScaleSpriteSize.uasset" 304
"../../Plugins/FX/Niagara/Content/Modules/Update/Lifetime/ParticleState.uasset" 305
"../../Plugins/FX/Niagara/Content/VectorFields/Assets/TilingCurl64.uasset" 306
"../../Plugins/FX/Niagara/Content/VectorFields/Assets/TilingCurl16.uasset" 307
"../../Plugins/FX/Niagara/Content/Functions/V2/RemapRange.uasset" 308
"../../Plugins/FX/Niagara/Content/Functions/FindAngleBetweenVectors.uasset" 309
"../../Plugins/FX/Niagara/Content/Functions/DirectionAndLengthSafe.uasset" 310
"../../Plugins/FX/Niagara/Content/Functions/V2/ConeMask.uasset" 311
"../../Plugins/FX/Niagara/Content/Functions/Localspace/SimulationPosition.uasset" 312
"../../Plugins/FX/Niagara/Content/Modules/Update/Forces/V2/CurlNoiseForce.uasset" 313
"../../Plugins/FX/Niagara/Content/Modules/Update/Forces/Drag.uasset" 314
"../../Plugins/FX/Niagara/Content/Modules/Update/Color/ScaleColor.uasset" 315
"../../Plugins/FX/Niagara/Content/Functions/V2/CalculateRandomRange.uasset" 316
"../../Plugins/FX/Niagara/Content/Functions/V2/CalculateRandomPointInSphere.uasset" 317
"../../Plugins/FX/Niagara/Content/Functions/SphericalToCartesianCoordinates.uasset" 318
"../../Plugins/FX/Niagara/Content/Functions/Rotation/MultiplyVectorWithQuaternion.uasset" 319
"../../Plugins/FX/Niagara/Content/Functions/Rotation/FindQuatBetween.uasset" 320
"../../Plugins/FX/Niagara/Content/Functions/Localspace/TransformBase.uasset" 321
"../../Plugins/FX/Niagara/Content/Functions/Localspace/TransformVector.uasset" 322
"../../Plugins/FX/Niagara/Content/Modules/Spawn/Location/V2/SphereLocation.uasset" 323
"../../Plugins/FX/Niagara/Content/Functions/GetRandomInfo.uasset" 324
"../../Plugins/FX/Niagara/Content/Functions/RandomRangeFloat.uasset" 325
"../../Plugins/FX/Niagara/Content/Functions/RandomPointInBox.uasset" 326
"../../Plugins/FX/Niagara/Content/Functions/IsolateLongestVectorComponent.uasset" 327
"../../Plugins/FX/Niagara/Content/Functions/Rotation/RotateAngleOnAxis.uasset" 328
"../../Plugins/FX/Niagara/Content/Modules/Spawn/Location/BoxLocation.uasset" 329
"../../Plugins/FX/Niagara/Content/Enums/ENiagara_SpriteRotationMode.uasset" 330
"../../Plugins/FX/Niagara/Content/Functions/V2/CalculateRandomRangeInteger.uasset" 331
"../../Plugins/FX/Niagara/Content/Functions/V2/CalculateRandomBool.uasset" 332
"../../Plugins/FX/Niagara/Content/Functions/V2/CalculateRandomRangeFloat.uasset" 333
"../../Plugins/FX/Niagara/Content/Functions/LinearColor/HueShiftLinearColor.uasset" 334
"../../Plugins/FX/Niagara/Content/Modules/Spawn/Initialization/V2/InitializeParticle.uasset" 335
"../../Plugins/FX/Niagara/Content/Modules/Solvers/SolveForcesAndVelocity.uasset" 336
"../../Plugins/FX/Niagara/Content/Modules/Emitter/SpawnRate.uasset" 337
"../../Plugins/FX/Niagara/Content/Functions/Emitter/EmitterChangeState.uasset" 338
"../../Plugins/FX/Niagara/Content/Enums/ENiagaraExecutionStateManagement.uasset" 339
"../../Plugins/FX/Niagara/Content/Modules/Emitter/EmitterState.uasset" 340
"../../Plugins/FX/Niagara/Content/DynamicInputs/ValueFromCurve/FloatFromCurve.uasset" 341
"../../Plugins/FX/Niagara/Content/DynamicInputs/UniformRange/V2/RandomRangeFloat.uasset" 342
"../../Plugins/FX/Niagara/Content/DynamicInputs/TypeConversions/Vector2DFromFloat.uasset" 343
"D:/Projects/Unreal Engine/AeryProto/Content/LightEnergyParticlesNiagaraEmitter.uasset" 344
"../../../Engine/Content/Functions/Engine_MaterialFunctions02/Utility/AppendMany.uasset" 345
"../../../Engine/Content/BufferVisualization/Anisotropy.uasset" 346
"D:/Projects/Unreal Engine/AeryProto/Content/DarkEnergyParticlesNiagaraEmitter.uasset" 347
"D:/Projects/Unreal Engine/AeryProto/Content/EnergyParticlesNiagaraEmitter_System.uasset" 348
"D:/Projects/Unreal Engine/AeryProto/Content/LightEmissiveMaterial_MM.uasset" 349
"D:/Projects/Unreal Engine/AeryProto/Content/LightEmissiveMaterial_MM_Inst.uasset" 350
"D:/Projects/Unreal Engine/AeryProto/Content/Blueprints/InteractionBPI.uasset" 351
"../../../Engine/Content/EngineMaterials/T_Default_Material_Grid_N.uasset" 352
"../../../Engine/Content/EngineMaterials/T_Default_Material_Grid_M.uasset" 353
"../../../Engine/Content/EngineMaterials/DefaultMaterial.uasset" 354
"../../../Engine/Content/BasicShapes/Sphere.uasset" 355
"D:/Projects/Unreal Engine/AeryProto/Content/Creature.uasset" 356
"D:/Projects/Unreal Engine/AeryProto/Content/ThirdPersonCharacter.uasset" 357
"D:/Projects/Unreal Engine/AeryProto/Content/Blueprints/ThirdPersonCharacter.uasset" 358
"D:/Projects/Unreal Engine/AeryProto/Content/ThirdPersonCPP/Blueprints/ThirdPersonCharacter.uasset" 359
"../../../Engine/Content/Animation/DefaultAnimBoneCompressionSettings.uasset" 360
"../../../Engine/Content/Animation/DefaultAnimCurveCompressionSettings.uasset" 361
"../../../Engine/Content/EngineMaterials/WorldGridMaterial.uasset" 362
"../../../Engine/Content/ArtTools/RenderToTexture/Meshes/S_1_Unit_Plane.uasset" 363
"../../../Engine/Content/BasicShapes/Cone.uasset" 364
"../../../Engine/Content/EditorLandscapeResources/DefaultAlphaTexture.uasset" 365
"../../../Engine/Content/EditorMaterials/MAT_Groups_Toggle.uasset" 366
"../../../Engine/Content/EditorMaterials/MAT_Groups_Visibility.uasset" 367
"../../../Engine/Content/EditorMaterials/PreviewShadowIndicator.uasset" 368
"../../../Engine/Content/EditorMaterials/PreviewShadowIndicatorMaterial.uasset" 369
"../../../Engine/Content/EditorMaterials/MatineeGroups/MAT_ColorTrack.uasset" 370
"../../../Engine/Content/EditorMaterials/MatineeGroups/MAT_Groups_Anim.uasset" 371
"../../../Engine/Content/EditorMaterials/MatineeGroups/MAT_Groups_AudioMaster.uasset" 372
"../../../Engine/Content/EditorMaterials/MatineeGroups/MAT_Groups_Director.uasset" 373
"../../../Engine/Content/EditorMaterials/MatineeGroups/MAT_Groups_Event.uasset" 374
"../../../Engine/Content/EditorMaterials/MatineeGroups/MAT_Groups_Fade.uasset" 375
"../../../Engine/Content/EditorMaterials/MatineeGroups/MAT_Groups_Float.uasset" 376
"../../../Engine/Content/EditorMaterials/MatineeGroups/MAT_Groups_Move.uasset" 377
"../../../Engine/Content/EditorMaterials/MatineeGroups/MAT_Groups_Slomo.uasset" 378
"../../../Engine/Content/EditorMaterials/MatineeGroups/MAT_Groups_Sound.uasset" 379
"../../../Engine/Content/EditorMaterials/MatineeGroups/MAT_Groups_Vector.uasset" 380
"../../../Engine/Content/EditorMaterials/ParticleSystems/PSysThumbnail_NoImage.uasset" 381
"../../../Engine/Content/EditorMaterials/ParticleSystems/PSysThumbnail_OOD.uasset" 382
"../../../Engine/Content/EditorMaterials/Camera/CineMat.uasset" 383
"../../../Engine/Content/EditorMaterials/Camera/MI_CineMat_Rig.uasset" 384
"../../../Engine/Content/EditorMeshes/Camera/SM_CraneRig_Arm.uasset" 385
"../../../Engine/Content/EditorMeshes/Camera/SM_CraneRig_Base.uasset" 386
"../../../Engine/Content/EditorMeshes/Camera/SM_CraneRig_Body.uasset" 387
"../../../Engine/Content/EditorMeshes/Camera/SM_CraneRig_Mount.uasset" 388
"../../../Engine/Content/EditorMeshes/Camera/SM_RailRig_Mount.uasset" 389
"../../../Engine/Content/EditorMeshes/Camera/SM_RailRig_Track.uasset" 390
"../../../Engine/Content/EditorResources/BSPVertex.uasset" 391
"../../../Engine/Content/EditorResources/EmptyActor.uasset" 392
"../../../Engine/Content/EditorResources/S_Actor.uasset" 393
"../../../Engine/Content/EditorResources/S_Note.uasset" 394
"../../../Engine/Content/EditorResources/S_Solver.uasset" 395
"../../../Engine/Content/EditorResources/S_Terrain.uasset" 396
"../../../Engine/Content/EditorResources/S_Trigger.uasset" 397
"../../../Engine/Content/EditorResources/AudioIcons/S_AudioComponent_AutoActivate.uasset" 398
"../../../Engine/Content/EditorResources/LightIcons/S_LightError.uasset" 399
"../../../Engine/Content/EditorResources/SequenceRecorder/Countdown.uasset" 400
"../../../Engine/Content/EditorResources/SequenceRecorder/RecordingIndicator.uasset" 401
"../../../Engine/Content/EngineDamageTypes/DmgTypeBP_Environmental.uasset" 402
"../../../Engine/Content/EngineDebugMaterials/DebugEditorMaterial.uasset" 403
"../../../Engine/Content/EngineDebugMaterials/DebugMeshMaterial.uasset" 404
"../../../Engine/Content/EngineDebugMaterials/M_SimpleUnlitTranslucent.uasset" 405
"../../../Engine/Content/EngineDebugMaterials/VolumeToRender.uasset" 406
"../../../Engine/Content/EngineDebugMaterials/M_VolumeRenderSphereTracePP.uasset" 407
"../../../Engine/Content/Functions/Engine_MaterialFunctions01/Shading/ConvertFromDiffSpec.uasset" 408
"../../../Engine/Content/EngineDebugMaterials/VertexColorMaterial.uasset" 409
"../../../Engine/Content/EngineDebugMaterials/WireframeMaterial.uasset" 410
"../../../Engine/Content/EngineFonts/Faces/RobotoRegular.uasset" 411
"../../../Engine/Content/EngineFonts/Faces/RobotoLight.uasset" 412
"../../../Engine/Content/EngineFonts/Faces/RobotoItalic.uasset" 413
"../../../Engine/Content/EngineFonts/Faces/RobotoBoldItalic.uasset" 414
"../../../Engine/Content/EngineFonts/Faces/RobotoBold.uasset" 415
"../../../Engine/Content/EngineFonts/Faces/DroidSansFallback.uasset" 416
"../../../Engine/Content/EngineFonts/Roboto.uasset" 417
"../../../Engine/Content/EngineMaterials/BaseFlattenGrayscaleMap.uasset" 418
"../../../Engine/Content/EngineMaterials/BaseFlattenEmissiveMap.uasset" 419
"../../../Engine/Content/EngineMaterials/BaseFlattenDiffuseMap.uasset" 420
"../../../Engine/Content/EngineMaterials/BaseFlattenMaterial.uasset" 421
"../../../Engine/Content/EngineMaterials/BlueNoise.uasset" 422
"../../../Engine/Content/EngineMaterials/DefaultBloomKernel.uasset" 423
"../../../Engine/Content/EngineMaterials/DefaultBokeh.uasset" 424
"../../../Engine/Content/EngineMaterials/DefaultDeferredDecalMaterial.uasset" 425
"../../../Engine/Content/EngineMaterials/DefaultLightFunctionMaterial.uasset" 426
"../../../Engine/Content/EngineMaterials/DefaultPostProcessMaterial.uasset" 427
"../../../Engine/Content/EngineFonts/RobotoDistanceField.uasset" 428
"../../../Engine/Content/EngineMaterials/DefaultTextMaterialOpaque.uasset" 429
"../../../Engine/Content/EngineMaterials/DefaultWhiteGrid_Low.uasset" 430
"../../../Engine/Content/EngineMaterials/EmissiveMeshMaterial.uasset" 431
"../../../Engine/Content/EngineMaterials/GizmoMaterial.uasset" 432
"../../../Engine/Content/EngineMaterials/MiniFont.uasset" 433
"../../../Engine/Content/EngineMaterials/InvalidLightmapSettings.uasset" 434
"../../../Engine/Content/EngineMaterials/M_InvalidLightmapSettings.uasset" 435
"../../../Engine/Content/Functions/Engine_MaterialFunctions02/WorldPositionOffset/CameraOffset.uasset" 436
"../../../Engine/Content/EngineMaterials/PhAT_JointLimitMaterial.uasset" 437
"../../../Engine/Content/EngineMaterials/PreintegratedSkinBRDF.uasset" 438
"../../../Engine/Content/EngineMaterials/RemoveSurfaceMaterial.uasset" 439
"../../../Engine/Content/EngineMaterials/Widget3DPassThrough.uasset" 440
"../../../Engine/Content/EngineMaterials/Widget3DPassThrough_Masked.uasset" 441
"../../../Engine/Content/EngineMaterials/Widget3DPassThrough_Opaque.uasset" 442
"../../../Engine/Content/EngineMaterials/Widget3DPassThrough_Masked_OneSided.uasset" 443
"../../../Engine/Content/EngineMaterials/Widget3DPassThrough_Opaque_OneSided.uasset" 444
"../../../Engine/Content/EngineMaterials/Widget3DPassThrough_Translucent.uasset" 445
"../../../Engine/Content/EngineMaterials/Widget3DPassThrough_Translucent_OneSided.uasset" 446
"../../../Engine/Content/EngineMeshes/Cylinder.uasset" 447
"../../../Engine/Content/EngineMeshes/Sphere.uasset" 448
"../../../Engine/Content/EngineResources/DefaultTextureCube.uasset" 449
"../../../Engine/Content/EngineResources/DefaultVolumeTexture2D.uasset" 450
"../../../Engine/Content/EngineResources/DefaultVolumeTexture.uasset" 451
"../../../Engine/Content/EngineResources/GradientTexture0.uasset" 452
"../../../Engine/Content/EngineSky/VolumetricClouds/T_NoiseShape64.uasset" 453
"../../../Engine/Content/EngineSky/VolumetricClouds/T_VolumeNoiseShape64.uasset" 454
"../../../Engine/Content/EngineSky/VolumetricClouds/T_NoiseErosion.uasset" 455
"../../../Engine/Content/EngineSky/VolumetricClouds/T_VolumeNoiseErosion32.uasset" 456
"../../../Engine/Content/Functions/Engine_MaterialFunctions02/Utility/MakeFloat2.uasset" 457
"../../../Engine/Content/EngineSky/VolumetricClouds/CloudWeatherTexture.uasset" 458
"../../../Engine/Content/EngineSky/VolumetricClouds/CloudGradientTexture.uasset" 459
"../../../Engine/Content/EngineSky/VolumetricClouds/m_SimpleVolumetricCloud.uasset" 460
"../../../Engine/Content/EngineSky/VolumetricClouds/m_SimpleVolumetricCloud_Inst.uasset" 461
"../../../Engine/Content/Functions/Engine_MaterialFunctions01/Shading/PowerToRoughness.uasset" 462
"../../../Engine/Content/Maps/Templates/Thumbnails/Default.uasset" 463
"../../../Engine/Content/Maps/Templates/Thumbnails/TimeOfDay.uasset" 464
"../../../Engine/Content/Maps/Templates/Thumbnails/VR-Basic.uasset" 465
"../../../Engine/Content/MobileResources/T_MobileControls_texture.uasset" 466
"../../../Engine/Content/MobileResources/T_MobileMenu2.uasset" 467
"../../../Engine/Content/MobileResources/HUD/AnalogHat.uasset" 468
"../../../Engine/Content/MobileResources/HUD/VirtualJoystick_Thumb.uasset" 469
"../../../Engine/Content/MobileResources/HUD/VirtualJoystick_Background.uasset" 470
"../../../Engine/Content/MobileResources/HUD/DefaultVirtualJoysticks.uasset" 471
"../../../Engine/Content/MobileResources/HUD/LeftVirtualJoystickOnly.uasset" 472
"../../../Engine/Content/MobileResources/HUD/MobileHUDButton1_off.uasset" 473
"../../../Engine/Content/MobileResources/HUD/MobileHUDButton1_on.uasset" 474
"../../../Engine/Content/MobileResources/HUD/MobileHUDButton2_off.uasset" 475
"../../../Engine/Content/MobileResources/HUD/MobileHUDButton2_on.uasset" 476
"../../../Engine/Content/MobileResources/HUD/MobileHUDButton3.uasset" 477
"../../../Engine/Content/MobileResources/HUD/MobileHUDButtonFire.uasset" 478
"../../../Engine/Content/MobileResources/HUD/MobileHUDDirectionPad.uasset" 479
"../../../Engine/Content/MobileResources/HUD/MobileHUDDirectionPad2.uasset" 480
"../../../Engine/Content/MobileResources/HUD/MobileHUDDirectionPad3.uasset" 481
"../../../Engine/Content/MobileResources/HUD/MobileHUDDirectionStick.uasset" 482
"../../../Engine/Content/MobileResources/HUD/T_Castle_ThumbstickInner.uasset" 483
"../../../Engine/Content/MobileResources/HUD/T_Castle_ThumbstickOutter.uasset" 484
"../../../Engine/Content/Tutorial/ContentIntroCurve.uasset" 485
"../../../Engine/Content/Tutorial/Basics/LevelEditorAttract.uasset" 486
"../../../Engine/Content/Tutorial/Basics/TutorialAssets/icon_tab_Levels_40x.uasset" 487
"../../../Engine/Content/Tutorial/Basics/LevelEditorOverview.uasset" 488
"../../../Engine/Content/Tutorial/BlueprintTutorials/TutorialAssets/Blueprint_64x.uasset" 489
"../../../Engine/Content/Tutorial/BlueprintTutorials/BlueprintEditorTutorial.uasset" 490
"../../../Engine/Content/Tutorial/Installation/InstallingVisualStudioTutorial.uasset" 491
"../../../Engine/Content/Tutorial/InWorldBlueprintEditing/IWBE_Tutorial.uasset" 492
"../../../Engine/Content/Tutorial/InWorldBlueprintEditing/IWBE_Tutorial_Part2.uasset" 493
"../../../Engine/Content/Tutorial/InWorldBlueprintEditing/IWBE_Tutorial_Part3.uasset" 494
"../../../Engine/Content/VREditor/TransformGizmo/TranslucentTransformGizmoMaterial.uasset" 495
"../../../Engine/Content/VREditor/LaserPointer/VR_LaserPower_01.uasset" 496
"../../../Engine/Content/VREditor/TransformGizmo/TransformGizmoMaterial.uasset" 497
"../../../Engine/Content/VREditor/TransformGizmo/BoundingBoxCorner.uasset" 498
"../../../Engine/Content/VREditor/TransformGizmo/BoundingBoxEdge.uasset" 499
"../../../Engine/Content/VREditor/TransformGizmo/PlaneTranslationHandle.uasset" 500
"../../../Engine/Content/VREditor/TransformGizmo/Xray.uasset" 501
"../../../Engine/Content/VREditor/TransformGizmo/Main.uasset" 502
"../../../Engine/Content/VREditor/TransformGizmo/SM_Sequencer_Key.uasset" 503
"../../../Engine/Content/VREditor/TransformGizmo/SM_Sequencer_Node.uasset" 504
"../../Plugins/2D/Paper2D/Content/PlaceholderTextures/DummySpriteTexture.uasset" 505
"../../Plugins/2D/Paper2D/Content/DummySprite.uasset" 506
"../../Plugins/2D/Paper2D/Content/DefaultPaperTerrainMaterial.uasset" 507
"../../Plugins/2D/Paper2D/Content/DefaultSpriteMaterial.uasset" 508
"../../Plugins/2D/Paper2D/Content/MaskedUnlitSpriteMaterial.uasset" 509
"../../Plugins/2D/Paper2D/Content/OpaqueUnlitSpriteMaterial.uasset" 510
"../../../Engine/Content/Functions/Engine_MaterialFunctions02/ObjectLocalBounds.uasset" 511
"../../Plugins/Editor/SpeedTreeImporter/Content/SpeedTree9/UnpackInteger3.uasset" 512
"../../Plugins/Editor/SpeedTreeImporter/Content/SpeedTree9/UnpackDirection.uasset" 513
"../../Plugins/Editor/SpeedTreeImporter/Content/SpeedTree9/game_wind_noise.uasset" 514
"../../Plugins/Editor/SpeedTreeImporter/Content/SpeedTree9/SpeedTreeWindMotion.uasset" 515
"../../Plugins/Editor/SpeedTreeImporter/Content/SpeedTree9/SpeedTreeBranchMotion.uasset" 516
"../../../Engine/Content/Functions/Engine_MaterialFunctions02/UVs/BoundingBoxBased_0-1_UVW.uasset" 517
"../../Plugins/Editor/SpeedTreeImporter/Content/SpeedTree9/SpeedTreeWind.uasset" 518
"../../Plugins/Editor/SpeedTreeImporter/Content/SpeedTree9/SpeedTreeBillboard.uasset" 519
"../../Plugins/Editor/SpeedTreeImporter/Content/SpeedTree9/SpeedTreeBillboardMaster.uasset" 520
"../../Plugins/Editor/SpeedTreeImporter/Content/SpeedTree9/SpeedTreeCameraFacing.uasset" 521
"../../Plugins/Editor/SpeedTreeImporter/Content/SpeedTree9/SpeedTreeMaster.uasset" 522
"../../../Engine/Content/BasicShapes/Cylinder.uasset" 523
"../../../Engine/Content/ArtTools/RenderToTexture/Materials/Debug/M_Emissive_Color.uasset" 524
"../../Plugins/Lumin/MagicLeapPassableWorld/Content/MagicLeapARPinInfoActor.uasset" 525
"../../../Engine/Content/Functions/Engine_MaterialFunctions02/Utility/BreakOutFloat4Components.uasset" 526
"../../Plugins/Runtime/Oculus/OculusVR/Content/Materials/OculusMR_ChromaKey.uasset" 527
"../../Plugins/Runtime/Oculus/OculusVR/Content/Materials/OculusMR_OpaqueColoredMaterial.uasset" 528
"../../Plugins/Runtime/Oculus/OculusVR/Content/Materials/PokeAHoleMaterial.uasset" 529
"../../../Engine/Content/EngineSky/T_Sky_Stars.uasset" 530
"../../../Engine/Content/EngineSky/T_Sky_Clouds_M.uasset" 531
"../../../Engine/Content/EngineSky/T_Sky_Blue.uasset" 532
"../../../Engine/Content/EngineMaterials/DefaultPhysicalMaterial.uasset" 533
"../../../Engine/Content/EngineSky/M_Sky_Panning_Clouds2.uasset" 534
"D:/Projects/Unreal Engine/AeryProto/Content/DefaultMap_BuiltData.uasset" 535
"D:/Projects/Unreal Engine/AeryProto/Content/Blueprints/CreaturesAIControllerBP.uasset" 536
"../../../Engine/Content/EngineSky/SM_SkySphere.uasset" 537
"../../../Engine/Content/EngineSky/C_Sky_Zenith_Color.uasset" 538
"../../../Engine/Content/EngineSky/C_Sky_Horizon_Color.uasset" 539
"../../../Engine/Content/EngineSky/C_Sky_Cloud_Color.uasset" 540
"../../../Engine/Content/EngineSky/BP_Sky_Sphere.uasset" 541
"D:/Projects/Unreal Engine/AeryProto/Content/DefaultMap.umap" 542
"D:/Projects/Unreal Engine/AeryProto/Content/Landscape/Materials/M_BackgroundMountains.uasset" 543
"D:/Projects/Unreal Engine/AeryProto/Content/Landscape/Landscape/Background/Materials/MI_BGMountains_03_AutoSlope.uasset" 544
"D:/Projects/Unreal Engine/AeryProto/Content/Landscape/Landscape/Background/SM_MountainBackground_03.uasset" 545
"D:/Projects/Unreal Engine/AeryProto/Content/Landscape/Landscape/Background/Materials/MI_BGMountains_02_AutoSlope.uasset" 546
"D:/Projects/Unreal Engine/AeryProto/Content/Landscape/Landscape/Background/SM_MountainBackground_02.uasset" 547
"D:/Projects/Unreal Engine/AeryProto/Content/Landscape/Landscape/Background/Materials/MI_BGMountains_01_AutoSlope.uasset" 548
"D:/Projects/Unreal Engine/AeryProto/Content/Landscape/Landscape/Background/SM_MountainBackground_01.uasset" 549
"D:/Projects/Unreal Engine/AeryProto/Content/Landscape/Misc/Textures/T_OldRadio_N.uasset" 550
"D:/Projects/Unreal Engine/AeryProto/Content/Landscape/Misc/Textures/T_OldRadio_D.uasset" 551
"D:/Projects/Unreal Engine/AeryProto/Content/Landscape/Misc/Materials/MI_Radio.uasset" 552
"D:/Projects/Unreal Engine/AeryProto/Content/Landscape/Misc/Meshes/SM_OldRadio.uasset" 553
"D:/Projects/Unreal Engine/AeryProto/Content/Landscape/Misc/Audio/Ambience/A_Valley_Wind_NoBirds_03.uasset" 554
"D:/Projects/Unreal Engine/AeryProto/Content/Landscape/Misc/Audio/Ambience/A_Valley_Wind_NoBirds_02.uasset" 555
"D:/Projects/Unreal Engine/AeryProto/Content/Landscape/Misc/Audio/Ambience/A_Valley_Wind_04Loop.uasset" 556
"D:/Projects/Unreal Engine/AeryProto/Content/Landscape/Misc/Audio/Ambience/AC_Valley_Wind.uasset" 557
"D:/Projects/Unreal Engine/AeryProto/Content/Landscape/Misc/Audio/Ambience/A_OtherWorld.uasset" 558
"../../../Engine/Content/EngineSounds/Normal_Attack.uasset" 559
"../../../Engine/Content/EngineSounds/Duck_Normal_Attack_MixMod.uasset" 560
"../../../Engine/Content/EngineSounds/Special_Attack_PSM.uasset" 561
"../../../Engine/Content/EngineSounds/Master.uasset" 562
"../../../Engine/Content/EngineSounds/SFX.uasset" 563
"D:/Projects/Unreal Engine/AeryProto/Content/Landscape/Misc/Audio/Ambience/AC_OtherWorld.uasset" 564
"D:/Projects/Unreal Engine/AeryProto/Content/Landscape/Misc/Audio/Ambience/A_LakeWater.uasset" 565
"D:/Projects/Unreal Engine/AeryProto/Content/Landscape/Misc/Audio/Ambience/AC_LakeWater.uasset" 566
"../../../Engine/Content/MapTemplates/T_ScreenDirt02_w.uasset" 567
"../../../Engine/Content/MapTemplates/Bokeh_5Sides.uasset" 568
"../../../Engine/Content/BasicShapes/Plane.uasset" 569
"../../../Engine/Content/BasicShapes/Cube.uasset" 570
"D:/Projects/Unreal Engine/AeryProto/Content/Landscape/Materials/M_UnderwaterSurface.uasset" 571
"D:/Projects/Unreal Engine/AeryProto/Content/Landscape/Water/Materials/MI_UnderwaterSurface.uasset" 572
"D:/Projects/Unreal Engine/AeryProto/Content/Landscape/Water/Materials/MI_UnderwaterOceanFog.uasset" 573
"D:/Projects/Unreal Engine/AeryProto/Content/Landscape/Materials/M_Underwater_Distortion.uasset" 574
"D:/Projects/Unreal Engine/AeryProto/Content/Landscape/Water/Materials/MI_UnderwaterDistortion.uasset" 575
"D:/Projects/Unreal Engine/AeryProto/Content/Landscape/Water/Materials/MI_OceanWater.uasset" 576
"D:/Projects/Unreal Engine/AeryProto/Content/Landscape/Materials/M_PostFX_Sharpen.uasset" 577
"D:/Projects/Unreal Engine/AeryProto/Content/Landscape/Misc/Materials/MI_PostFX_Sharpen.uasset" 578
"../../../Engine/Content/Functions/Engine_MaterialFunctions02/Math/TimeWithSpeedVariable.uasset" 579
"D:/Projects/Unreal Engine/AeryProto/Content/Landscape/Materials/Functions/MP_LightingSetup.uasset" 580
"D:/Projects/Unreal Engine/AeryProto/Content/Landscape/Materials/Functions/M_CloudShadows.uasset" 581
"D:/Projects/Unreal Engine/AeryProto/Content/Landscape/Misc/Materials/MI_LF_CloudShadows.uasset" 582
"../../../Engine/Content/EngineMaterials/Grid_N.uasset" 583
"../../../Engine/Content/EngineMaterials/DefaultWhiteGrid.uasset" 584
"D:/Projects/Unreal Engine/AeryProto/Content/Landscape/Misc/Materials/MI_GridBig.uasset" 585
"D:/Projects/Unreal Engine/AeryProto/Content/Landscape/Misc/Textures/T_StylescapeLogo.uasset" 586
"D:/Projects/Unreal Engine/AeryProto/Content/Landscape/Materials/M_StylescapeLogo.uasset" 587
"D:/Projects/Unreal Engine/AeryProto/Content/Landscape/Levels/Demo_BuiltData.uasset" 588
"../../../Engine/Content/EditorLandscapeResources/DataLayer.uasset" 589
"D:/Projects/Unreal Engine/AeryProto/Content/Landscape/Water/Meshes/SM_WaterPlane.uasset" 590
"D:/Projects/Unreal Engine/AeryProto/Content/Landscape/Water/BP_Water.uasset" 591
"D:/Projects/Unreal Engine/AeryProto/Content/Landscape/Foliage/Trees/Textures/Impostors/T_SpruceTreeTall_Snow_Impostor_D.uasset" 592
"D:/Projects/Unreal Engine/AeryProto/Content/Landscape/Foliage/Trees/Textures/Impostors/T_SpruceTreeTall_Impostor_N.uasset" 593
"D:/Projects/Unreal Engine/AeryProto/Content/Landscape/Foliage/Trees/Materials/Impostors/MI_SpruceTreeTall_Snow_Impostor.uasset" 594
"D:/Projects/Unreal Engine/AeryProto/Content/Landscape/Foliage/Trees/Textures/T_SpruceLeaves01_Snow_SS.uasset" 595
"D:/Projects/Unreal Engine/AeryProto/Content/Landscape/Foliage/Trees/Textures/T_SpruceLeaves01_D.uasset" 596
"D:/Projects/Unreal Engine/AeryProto/Content/Landscape/Foliage/Ground/Textures/T_FernGradient.uasset" 597
"D:/Projects/Unreal Engine/AeryProto/Content/Landscape/Foliage/Trees/Materials/MI_TreeSpruce_Snow_Leaves.uasset" 598
"D:/Projects/Unreal Engine/AeryProto/Content/Landscape/Foliage/Trees/Textures/T_SpruceBark_N.uasset" 599
"D:/Projects/Unreal Engine/AeryProto/Content/Landscape/Foliage/Trees/Textures/T_SpruceBark_D.uasset" 600
"D:/Projects/Unreal Engine/AeryProto/Content/Landscape/Foliage/Trees/Textures/Original/T_TreeBark01_S.uasset" 601
"D:/Projects/Unreal Engine/AeryProto/Content/Landscape/Foliage/Trees/Textures/Original/T_TreeBark01_N.uasset" 602
"D:/Projects/Unreal Engine/AeryProto/Content/Landscape/Materials/M_BarkMaster.uasset" 603
"D:/Projects/Unreal Engine/AeryProto/Content/Landscape/Foliage/Trees/Materials/MI_TreeBarkSpruce.uasset" 604
"D:/Projects/Unreal Engine/AeryProto/Content/Landscape/Foliage/Trees/SM_SS_Spruce_Snow_Tree_Tall.uasset" 605
"D:/Projects/Unreal Engine/AeryProto/Content/Landscape/Foliage/Trees/FoliageTypes/FT_SS_Spruce_Snow_Tree_Tall.uasset" 606
"D:/Projects/Unreal Engine/AeryProto/Content/Landscape/Foliage/Trees/Textures/Impostors/T_SpruceTree_Snow_Impostor_D.uasset" 607
"D:/Projects/Unreal Engine/AeryProto/Content/Landscape/Foliage/Trees/Textures/Impostors/T_SpruceTree_Impostor_N.uasset" 608
"D:/Projects/Unreal Engine/AeryProto/Content/Landscape/Foliage/Trees/Materials/Impostors/MI_SpruceTree_Snow_Impostor.uasset" 609
"D:/Projects/Unreal Engine/AeryProto/Content/Landscape/Foliage/Trees/SM_SS_Spruce_Snow_Tree.uasset" 610
"D:/Projects/Unreal Engine/AeryProto/Content/Landscape/Foliage/Trees/FoliageTypes/FT_SS_Spruce_Snow_Tree.uasset" 611
"D:/Projects/Unreal Engine/AeryProto/Content/Landscape/Foliage/Trees/Textures/Impostors/T_SpruceTreeTall_Impostor_D.uasset" 612
"D:/Projects/Unreal Engine/AeryProto/Content/Landscape/Foliage/Trees/Materials/Impostors/MI_SpruceTreeTall_Impostor.uasset" 613
"D:/Projects/Unreal Engine/AeryProto/Content/Landscape/Foliage/Trees/Textures/T_SpruceLeaves01_SS.uasset" 614
"D:/Projects/Unreal Engine/AeryProto/Content/Landscape/Foliage/Trees/Materials/MI_TreeSpruce_Leaves.uasset" 615
"D:/Projects/Unreal Engine/AeryProto/Content/Landscape/Foliage/Trees/SM_SS_SpruceTree_Tall.uasset" 616
"D:/Projects/Unreal Engine/AeryProto/Content/Landscape/Foliage/Trees/FoliageTypes/FT_SS_SpruceTreeTall.uasset" 617
"D:/Projects/Unreal Engine/AeryProto/Content/Landscape/Foliage/Trees/Textures/Impostors/T_SpruceTree_Impostor_D.uasset" 618
"D:/Projects/Unreal Engine/AeryProto/Content/Landscape/Foliage/Trees/Materials/Impostors/MI_SpruceTree_Impostor.uasset" 619
"D:/Projects/Unreal Engine/AeryProto/Content/Landscape/Foliage/Trees/SM_SS_SpruceTree.uasset" 620
"D:/Projects/Unreal Engine/AeryProto/Content/Landscape/Foliage/Trees/FoliageTypes/FT_SS_SpruceTree.uasset" 621
"D:/Projects/Unreal Engine/AeryProto/Content/Landscape/Foliage/Trees/Textures/T_PoplarLeaves01_SS.uasset" 622
"D:/Projects/Unreal Engine/AeryProto/Content/Landscape/Foliage/Trees/Textures/T_PoplarLeaves01_D.uasset" 623
"D:/Projects/Unreal Engine/AeryProto/Content/Landscape/Foliage/Ground/Textures/T_LeavesGradient.uasset" 624
"D:/Projects/Unreal Engine/AeryProto/Content/Landscape/Foliage/Trees/Materials/MI_TreePoplar_Leaves.uasset" 625
"D:/Projects/Unreal Engine/AeryProto/Content/Landscape/Foliage/Trees/Textures/T_PoplarBark_N.uasset" 626
"D:/Projects/Unreal Engine/AeryProto/Content/Landscape/Foliage/Trees/Textures/T_PoplarBark_D.uasset" 627
"D:/Projects/Unreal Engine/AeryProto/Content/Landscape/Foliage/Trees/Materials/MI_TreeBarkPoplar.uasset" 628
"D:/Projects/Unreal Engine/AeryProto/Content/Landscape/Foliage/Trees/Textures/Impostors/T_PoplarTree_Impostor_N.uasset" 629
"D:/Projects/Unreal Engine/AeryProto/Content/Landscape/Foliage/Trees/Textures/Impostors/T_PoplarTree_Impostor_D.uasset" 630
"D:/Projects/Unreal Engine/AeryProto/Content/Landscape/Foliage/Trees/Materials/Impostors/MI_PoplarTree_Impostor.uasset" 631
"D:/Projects/Unreal Engine/AeryProto/Content/Landscape/Foliage/Trees/SM_SS_PoplarTree.uasset" 632
"D:/Projects/Unreal Engine/AeryProto/Content/Landscape/Foliage/Trees/FoliageTypes/FT_SS_PoplarTree.uasset" 633
"D:/Projects/Unreal Engine/AeryProto/Content/Landscape/Foliage/Trees/Textures/Impostors/T_OakTreeTall_Impostor_N.uasset" 634
"D:/Projects/Unreal Engine/AeryProto/Content/Landscape/Foliage/Trees/Textures/Impostors/T_OakTreeTall_Impostor_D.uasset" 635
"D:/Projects/Unreal Engine/AeryProto/Content/Landscape/Foliage/Trees/Materials/Impostors/MI_OakTreeTall_Impostor.uasset" 636
"D:/Projects/Unreal Engine/AeryProto/Content/Landscape/Foliage/Trees/Textures/T_OakLeaves01_SS.uasset" 637
"D:/Projects/Unreal Engine/AeryProto/Content/Landscape/Foliage/Trees/Textures/T_OakLeaves01_D.uasset" 638
"D:/Projects/Unreal Engine/AeryProto/Content/Landscape/Foliage/Trees/Materials/MI_TreeOak_Leaves.uasset" 639
"D:/Projects/Unreal Engine/AeryProto/Content/Landscape/Foliage/Trees/Textures/T_OakBark01_N.uasset" 640
"D:/Projects/Unreal Engine/AeryProto/Content/Landscape/Foliage/Trees/Textures/T_OakBark01_D.uasset" 641
"D:/Projects/Unreal Engine/AeryProto/Content/Landscape/Foliage/Trees/Materials/MI_TreeBarkOak01.uasset" 642
"D:/Projects/Unreal Engine/AeryProto/Content/Landscape/Foliage/Trees/SM_SS_OakTreeTall.uasset" 643
"D:/Projects/Unreal Engine/AeryProto/Content/Landscape/Foliage/Trees/FoliageTypes/FT_SS_OakTreeTall.uasset" 644
"D:/Projects/Unreal Engine/AeryProto/Content/Landscape/Foliage/Trees/Textures/T_OakBark02_N.uasset" 645
"D:/Projects/Unreal Engine/AeryProto/Content/Landscape/Foliage/Trees/Textures/T_OakBark02_D.uasset" 646
"D:/Projects/Unreal Engine/AeryProto/Content/Landscape/Foliage/Trees/Materials/MI_TreeBarkOak02.uasset" 647
"D:/Projects/Unreal Engine/AeryProto/Content/Landscape/Foliage/Trees/Textures/Impostors/T_OakTree02_Impostor_N.uasset" 648
"D:/Projects/Unreal Engine/AeryProto/Content/Landscape/Foliage/Trees/Textures/Impostors/T_OakTree02_Impostor_D.uasset" 649
"D:/Projects/Unreal Engine/AeryProto/Content/Landscape/Foliage/Trees/Materials/Impostors/MI_OakTree02_Impostor.uasset" 650
"D:/Projects/Unreal Engine/AeryProto/Content/Landscape/Foliage/Trees/SM_SS_OakTree02.uasset" 651
"D:/Projects/Unreal Engine/AeryProto/Content/Landscape/Foliage/Trees/FoliageTypes/FT_SS_OakTree02.uasset" 652
"D:/Projects/Unreal Engine/AeryProto/Content/Landscape/Foliage/Trees/Textures/Impostors/T_OakTree01_Impostor_N.uasset" 653
"D:/Projects/Unreal Engine/AeryProto/Content/Landscape/Foliage/Trees/Textures/Impostors/T_OakTree01_Impostor_D.uasset" 654
"D:/Projects/Unreal Engine/AeryProto/Content/Landscape/Foliage/Trees/Materials/Impostors/MI_OakTree01_Impostor.uasset" 655
"D:/Projects/Unreal Engine/AeryProto/Content/Landscape/Foliage/Trees/SM_SS_OakTree01.uasset" 656
"D:/Projects/Unreal Engine/AeryProto/Content/Landscape/Foliage/Trees/FoliageTypes/FT_SS_OakTree01.uasset" 657
"D:/Projects/Unreal Engine/AeryProto/Content/Landscape/Foliage/Trees/Materials/MI_TreeBirch_Leaves.uasset" 658
"D:/Projects/Unreal Engine/AeryProto/Content/Landscape/Foliage/Trees/Textures/T_BirchBark_N.uasset" 659
"D:/Projects/Unreal Engine/AeryProto/Content/Landscape/Foliage/Trees/Textures/T_BirchBark_D.uasset" 660
"D:/Projects/Unreal Engine/AeryProto/Content/Landscape/Foliage/Trees/Materials/MI_TreeBarkBirch.uasset" 661
"D:/Projects/Unreal Engine/AeryProto/Content/Landscape/Foliage/Trees/Textures/Impostors/T_BirchTree_Impostor_N.uasset" 662
"D:/Projects/Unreal Engine/AeryProto/Content/Landscape/Foliage/Trees/Textures/Impostors/T_BirchTree_Impostor_D.uasset" 663
"D:/Projects/Unreal Engine/AeryProto/Content/Landscape/Foliage/Trees/Materials/Impostors/MI_BirchTree_Impostor.uasset" 664
"D:/Projects/Unreal Engine/AeryProto/Content/Landscape/Foliage/Trees/SM_SS_BirchTree.uasset" 665
"D:/Projects/Unreal Engine/AeryProto/Content/Landscape/Foliage/Trees/FoliageTypes/FT_SS_BirchTree.uasset" 666
"D:/Projects/Unreal Engine/AeryProto/Content/Landscape/Foliage/Ground/Textures/T_Mushroom_D.uasset" 667
"D:/Projects/Unreal Engine/AeryProto/Content/Landscape/Materials/M_MushroomsMaster.uasset" 668
"D:/Projects/Unreal Engine/AeryProto/Content/Landscape/Foliage/Ground/Materials/MI_Mushrooms.uasset" 669
"D:/Projects/Unreal Engine/AeryProto/Content/Landscape/Foliage/Ground/SM_Mushrooms.uasset" 670
"D:/Projects/Unreal Engine/AeryProto/Content/Landscape/Foliage/Ground/FoliageTypes/SM_Mushrooms_FT.uasset" 671
"D:/Projects/Unreal Engine/AeryProto/Content/Landscape/Foliage/Ground/Textures/T_FernStalk_Snow_D.uasset" 672
"D:/Projects/Unreal Engine/AeryProto/Content/Landscape/Foliage/Ground/Textures/T_FernStalk_D.uasset" 673
"D:/Projects/Unreal Engine/AeryProto/Content/Landscape/Foliage/Ground/Textures/T_FernLeaf_D.uasset" 674
"D:/Projects/Unreal Engine/AeryProto/Content/Landscape/Materials/M_FernMaster.uasset" 675
"D:/Projects/Unreal Engine/AeryProto/Content/Landscape/Foliage/Ground/Materials/MI_FernStalk_Snow.uasset" 676
"D:/Projects/Unreal Engine/AeryProto/Content/Landscape/Foliage/Ground/Materials/MI_FernLeaves_Snow.uasset" 677
"D:/Projects/Unreal Engine/AeryProto/Content/Landscape/Foliage/Ground/SM_Fern_Snow.uasset" 678
"D:/Projects/Unreal Engine/AeryProto/Content/Landscape/Foliage/Ground/FoliageTypes/SM_Fern_Snow_FT.uasset" 679
"D:/Projects/Unreal Engine/AeryProto/Content/Landscape/Foliage/Ground/Materials/MI_FernStalk.uasset" 680
"D:/Projects/Unreal Engine/AeryProto/Content/Landscape/Foliage/Ground/Materials/MI_FernLeaves.uasset" 681
"D:/Projects/Unreal Engine/AeryProto/Content/Landscape/Foliage/Ground/SM_Fern.uasset" 682
"D:/Projects/Unreal Engine/AeryProto/Content/Landscape/Foliage/Ground/FoliageTypes/SM_Fern_FT.uasset" 683
"D:/Projects/Unreal Engine/AeryProto/Content/Landscape/Foliage/Ground/SM_DaisyFlowersPatch.uasset" 684
"D:/Projects/Unreal Engine/AeryProto/Content/Landscape/Foliage/Ground/FoliageTypes/SM_DaisyFlowersPatch_FT.uasset" 685
"D:/Projects/Unreal Engine/AeryProto/Content/Landscape/Landscape/PFS/PFS_Trees.uasset" 686
"D:/Projects/Unreal Engine/AeryProto/Content/Landscape/Foliage/Ground/Textures/T_RockMedium_02_N.uasset" 687
"D:/Projects/Unreal Engine/AeryProto/Content/Landscape/Foliage/Ground/Textures/T_RockMedium_02_D.uasset" 688
"D:/Projects/Unreal Engine/AeryProto/Content/Landscape/Foliage/Ground/Textures/RockMoss/T_RockMedium_02_Moss_R.uasset" 689
"../../../Engine/Content/EngineMaterials/DefaultNormal_Uncompressed.uasset" 690
"../../../Engine/Content/Functions/Engine_MaterialFunctions02/Math/Transform3x3Matrix.uasset" 691
"../../../Engine/Content/Functions/Engine_MaterialFunctions02/WorldAlignedNormals_HighQuality.uasset" 692
"../../../Engine/Content/Functions/Engine_MaterialFunctions01/Texturing/WorldAlignedNormal.uasset" 693
"D:/Projects/Unreal Engine/AeryProto/Content/Landscape/Materials/Functions/MF_TopLayer.uasset" 694
"../../../Engine/Content/Functions/MaterialLayerFunctions/MatLayerBlend_Standard.uasset" 695
"D:/Projects/Unreal Engine/AeryProto/Content/Landscape/Materials/M_AssetMaster_TopLayer.uasset" 696
"D:/Projects/Unreal Engine/AeryProto/Content/Landscape/Foliage/Ground/Materials/MI_RockMedium_Snow_02.uasset" 697
"D:/Projects/Unreal Engine/AeryProto/Content/Landscape/Foliage/Ground/SM_RockMedium_Snow_02.uasset" 698
"D:/Projects/Unreal Engine/AeryProto/Content/Landscape/Foliage/Ground/FoliageTypes/FT_SM_RockMedium_Snow_02.uasset" 699
"D:/Projects/Unreal Engine/AeryProto/Content/Landscape/Foliage/Ground/Textures/RockMoss/T_RockMedium_01_Moss_R.uasset" 700
"D:/Projects/Unreal Engine/AeryProto/Content/Landscape/Foliage/Ground/Textures/RockMoss/T_RockMedium_01_Moss_N.uasset" 701
"D:/Projects/Unreal Engine/AeryProto/Content/Landscape/Foliage/Ground/Textures/RockMoss/T_RockMedium_01_Moss_D.uasset" 702
"D:/Projects/Unreal Engine/AeryProto/Content/Landscape/Foliage/Ground/Materials/MI_RockMedium_Snow_01.uasset" 703
"D:/Projects/Unreal Engine/AeryProto/Content/Landscape/Foliage/Ground/SM_RockMedium_Snow_01.uasset" 704
"D:/Projects/Unreal Engine/AeryProto/Content/Landscape/Foliage/Ground/FoliageTypes/FT_SM_RockMedium_Snow_01.uasset" 705
"D:/Projects/Unreal Engine/AeryProto/Content/Landscape/Foliage/Ground/Materials/MI_RockMedium_02.uasset" 706
"D:/Projects/Unreal Engine/AeryProto/Content/Landscape/Foliage/Ground/SM_RockMedium_02.uasset" 707
"D:/Projects/Unreal Engine/AeryProto/Content/Landscape/Foliage/Ground/FoliageTypes/FT_SM_RockMedium_02.uasset" 708
"D:/Projects/Unreal Engine/AeryProto/Content/Landscape/Foliage/Ground/Materials/MI_RockMedium_01.uasset" 709
"D:/Projects/Unreal Engine/AeryProto/Content/Landscape/Foliage/Ground/SM_RockMedium_01.uasset" 710
"D:/Projects/Unreal Engine/AeryProto/Content/Landscape/Foliage/Ground/FoliageTypes/FT_SM_RockMedium_01.uasset" 711
"D:/Projects/Unreal Engine/AeryProto/Content/Landscape/Foliage/Ground/Textures/RockMoss/T_RockLarge_02_Moss_R.uasset" 712
"D:/Projects/Unreal Engine/AeryProto/Content/Landscape/Foliage/Ground/Textures/RockMoss/T_RockLarge_02_Moss_N.uasset" 713
"D:/Projects/Unreal Engine/AeryProto/Content/Landscape/Foliage/Ground/Textures/RockMoss/T_RockLarge_02_Moss_D.uasset" 714
"D:/Projects/Unreal Engine/AeryProto/Content/Landscape/Foliage/Ground/Materials/MI_RockLarge_Snow_02.uasset" 715
"D:/Projects/Unreal Engine/AeryProto/Content/Landscape/Foliage/Ground/SM_RockLarge_Snow_02.uasset" 716
"D:/Projects/Unreal Engine/AeryProto/Content/Landscape/Foliage/Ground/FoliageTypes/FT_SM_RockLarge_Snow_02.uasset" 717
"D:/Projects/Unreal Engine/AeryProto/Content/Landscape/Foliage/Ground/Textures/T_RockLarge_01_N.uasset" 718
"D:/Projects/Unreal Engine/AeryProto/Content/Landscape/Foliage/Ground/Textures/T_RockLarge_01_D.uasset" 719
"D:/Projects/Unreal Engine/AeryProto/Content/Landscape/Foliage/Ground/Textures/RockMoss/T_RockLarge_01_Moss_R.uasset" 720
"D:/Projects/Unreal Engine/AeryProto/Content/Landscape/Foliage/Ground/Materials/MI_RockLarge_Snow_01.uasset" 721
"D:/Projects/Unreal Engine/AeryProto/Content/Landscape/Foliage/Ground/SM_RockLarge_Snow_01.uasset" 722
"D:/Projects/Unreal Engine/AeryProto/Content/Landscape/Foliage/Ground/FoliageTypes/FT_SM_RockLarge_Snow_01.uasset" 723
"D:/Projects/Unreal Engine/AeryProto/Content/Landscape/Foliage/Ground/Materials/MI_RockLarge_02.uasset" 724
"D:/Projects/Unreal Engine/AeryProto/Content/Landscape/Foliage/Ground/SM_RockLarge_02.uasset" 725
"D:/Projects/Unreal Engine/AeryProto/Content/Landscape/Foliage/Ground/FoliageTypes/FT_SM_RockLarge_02.uasset" 726
"D:/Projects/Unreal Engine/AeryProto/Content/Landscape/Foliage/Ground/Materials/MI_RockLarge_01.uasset" 727
"D:/Projects/Unreal Engine/AeryProto/Content/Landscape/Foliage/Ground/SM_RockLarge_01.uasset" 728
"D:/Projects/Unreal Engine/AeryProto/Content/Landscape/Foliage/Ground/FoliageTypes/FT_SM_RockLarge_01.uasset" 729
"D:/Projects/Unreal Engine/AeryProto/Content/Landscape/Landscape/PFS/PFS_Rocks.uasset" 730
"D:/Projects/Unreal Engine/AeryProto/Content/Landscape/Landscape/Materials/MI_SS_Landscape_Background.uasset" 731
"D:/Projects/Unreal Engine/AeryProto/Content/Landscape/Landscape/LandscapeInfos/Snow_LayerInfo.uasset" 732
"D:/Projects/Unreal Engine/AeryProto/Content/Landscape/Landscape/LandscapeInfos/Slope_LayerInfo.uasset" 733
"D:/Projects/Unreal Engine/AeryProto/Content/Landscape/Landscape/LandscapeInfos/SlopeDirt_LayerInfo.uasset" 734
"D:/Projects/Unreal Engine/AeryProto/Content/Landscape/Landscape/LandscapeInfos/Sand_LayerInfo.uasset" 735
"D:/Projects/Unreal Engine/AeryProto/Content/Landscape/Landscape/LandscapeInfos/RemoveProcedural_LayerInfo.uasset" 736
"D:/Projects/Unreal Engine/AeryProto/Content/Landscape/Landscape/LandscapeInfos/EvergreenGrass_LayerInfo.uasset" 737
"D:/Projects/Unreal Engine/AeryProto/Content/Landscape/Landscape/LandscapeInfos/Dirt_LayerInfo.uasset" 738
"D:/Projects/Unreal Engine/AeryProto/Content/Landscape/Levels/Demo.umap" 739
"D:/Projects/Unreal Engine/AeryProto/Content/Landscape/Misc/Materials/MI_Grid.uasset" 740
"D:/Projects/Unreal Engine/AeryProto/Content/Landscape/Levels/Showcase_BuiltData.uasset" 741
"../../../Engine/Content/MapTemplates/TilingNoise05.uasset" 742
"../../../Engine/Content/Functions/Engine_MaterialFunctions02/SplitComponents.uasset" 743
"../../../Engine/Content/EngineSky/M_SkyTimeOfDay.uasset" 744
"D:/Projects/Unreal Engine/AeryProto/Content/Landscape/Misc/Materials/MI_SkyTimeOfDay.uasset" 745
"D:/Projects/Unreal Engine/AeryProto/Content/Landscape/Landscape/Materials/MI_SS_Landscape_Showcase.uasset" 746
"D:/Projects/Unreal Engine/AeryProto/Content/Landscape/Foliage/Ground/SM_GrassClump02_Dry.uasset" 747
"D:/Projects/Unreal Engine/AeryProto/Content/Landscape/Foliage/Ground/Textures/T_ScatterRocks_01_N.uasset" 748
"D:/Projects/Unreal Engine/AeryProto/Content/Landscape/Foliage/Ground/Materials/MI_Rock_Scatter.uasset" 749
"D:/Projects/Unreal Engine/AeryProto/Content/Landscape/Foliage/Ground/SM_ScatterRocks_03.uasset" 750
"D:/Projects/Unreal Engine/AeryProto/Content/Landscape/Foliage/Ground/SM_ScatterRocks_02.uasset" 751
"D:/Projects/Unreal Engine/AeryProto/Content/Landscape/Foliage/Ground/SM_ScatterRocks_01.uasset" 752
"D:/Projects/Unreal Engine/AeryProto/Content/Landscape/Levels/Showcase.umap" 753
"../../../Engine/Content/Maps/Entry_BuiltData.uasset" 754
"../../../Engine/Content/Maps/Entry.umap" 755
